# JRE version: Java(TM) SE Runtime Environment (8.0_144-b01) (build 1.8.0_144-b01)
# Java VM: Java HotSpot(TM) 64-Bit Server VM (25.144-b01 mixed mode bsd-amd64 compressed oops)
Heap:
 PSYoungGen      total 38400K, used 8162K [0x0000000795580000, 0x0000000798000000, 0x00000007c0000000)
  eden space 33280K, 10% used [0x0000000795580000,0x00000007958ea580,0x0000000797600000)
  from space 5120K, 91% used [0x0000000797b00000,0x0000000797f8e4a0,0x0000000798000000)
  to   space 5120K, 0% used [0x0000000797600000,0x0000000797600000,0x0000000797b00000)
 ParOldGen       total 87552K, used 15933K [0x0000000740000000, 0x0000000745580000, 0x0000000795580000)
  object space 87552K, 18% used [0x0000000740000000,0x0000000740f8f640,0x0000000745580000)
 Metaspace       used 10846K, capacity 11142K, committed 11264K, reserved 1058816K
  class space    used 1339K, capacity 1463K, committed 1536K, reserved 1048576K
GC Heap History (4 events):
Event: 9.107 GC heap before
{Heap before GC invocations=1 (full 0):
 PSYoungGen      total 38400K, used 32702K [0x0000000795580000, 0x0000000798000000, 0x00000007c0000000)
  eden space 33280K, 98% used [0x0000000795580000,0x000000079756fba8,0x0000000797600000)
  from space 5120K, 0% used [0x0000000797b00000,0x0000000797b00000,0x0000000798000000)
  to   space 5120K, 0% used [0x0000000797600000,0x0000000797600000,0x0000000797b00000)
 ParOldGen       total 87552K, used 0K [0x0000000740000000, 0x0000000745580000, 0x0000000795580000)
  object space 87552K, 0% used [0x0000000740000000,0x0000000740000000,0x0000000745580000)
 Metaspace       used 10620K, capacity 10904K, committed 11264K, reserved 1058816K
  class space    used 1315K, capacity 1430K, committed 1536K, reserved 1048576K
Event: 9.117 GC heap after
Heap after GC invocations=1 (full 0):
 PSYoungGen      total 38400K, used 5097K [0x0000000795580000, 0x0000000798000000, 0x00000007c0000000)
  eden space 33280K, 0% used [0x0000000795580000,0x0000000795580000,0x0000000797600000)
  from space 5120K, 99% used [0x0000000797600000,0x0000000797afa5b8,0x0000000797b00000)
  to   space 5120K, 0% used [0x0000000797b00000,0x0000000797b00000,0x0000000798000000)
 ParOldGen       total 87552K, used 5589K [0x0000000740000000, 0x0000000745580000, 0x0000000795580000)
  object space 87552K, 6% used [0x0000000740000000,0x0000000740575600,0x0000000745580000)
 Metaspace       used 10620K, capacity 10904K, committed 11264K, reserved 1058816K
  class space    used 1315K, capacity 1430K, committed 1536K, reserved 1048576K
}
Event: 4010.990 GC heap before
{Heap before GC invocations=2 (full 0):
 PSYoungGen      total 38400K, used 37716K [0x0000000795580000, 0x0000000798000000, 0x00000007c0000000)
  eden space 33280K, 98% used [0x0000000795580000,0x000000079755ad80,0x0000000797600000)
  from space 5120K, 99% used [0x0000000797600000,0x0000000797afa5b8,0x0000000797b00000)
  to   space 5120K, 0% used [0x0000000797b00000,0x0000000797b00000,0x0000000798000000)
 ParOldGen       total 87552K, used 5589K [0x0000000740000000, 0x0000000745580000, 0x0000000795580000)
  object space 87552K, 6% used [0x0000000740000000,0x0000000740575600,0x0000000745580000)
 Metaspace       used 10844K, capacity 11142K, committed 11264K, reserved 1058816K
  class space    used 1339K, capacity 1463K, committed 1536K, reserved 1048576K
Event: 4011.031 GC heap after
Heap after GC invocations=2 (full 0):
 PSYoungGen      total 38400K, used 4665K [0x0000000795580000, 0x0000000798000000, 0x00000007c0000000)
  eden space 33280K, 0% used [0x0000000795580000,0x0000000795580000,0x0000000797600000)
  from space 5120K, 91% used [0x0000000797b00000,0x0000000797f8e4a0,0x0000000798000000)
  to   space 5120K, 0% used [0x0000000797600000,0x0000000797600000,0x0000000797b00000)
 ParOldGen       total 87552K, used 15933K [0x0000000740000000, 0x0000000745580000, 0x0000000795580000)
  object space 87552K, 18% used [0x0000000740000000,0x0000000740f8f640,0x0000000745580000)
 Metaspace       used 10844K, capacity 11142K, committed 11264K, reserved 1058816K
  class space    used 1339K, capacity 1463K, committed 1536K, reserved 1048576K
}

